C:\USERS\VM-WIN7X64\DESKTOP\MFC-TEST\SECCONTROL\SIMPLEACTIVEX\SIMPLEACTIVEX\RELEASE\SIMPLEACTIVEX.PCH
C:\USERS\VM-WIN7X64\DESKTOP\MFC-TEST\SECCONTROL\SIMPLEACTIVEX\SIMPLEACTIVEX\RELEASE\STDAFX.OBJ
C:\USERS\VM-WIN7X64\DESKTOP\MFC-TEST\SECCONTROL\SIMPLEACTIVEX\SIMPLEACTIVEX\RELEASE\VC110.PDB
C:\USERS\VM-WIN7X64\DESKTOP\MFC-TEST\SECCONTROL\SIMPLEACTIVEX\SIMPLEACTIVEX\RELEASE\SIMPLEACTIVEXPROPPAGE.OBJ
C:\USERS\VM-WIN7X64\DESKTOP\MFC-TEST\SECCONTROL\SIMPLEACTIVEX\SIMPLEACTIVEX\RELEASE\SIMPLEACTIVEXCTRL.OBJ
C:\USERS\VM-WIN7X64\DESKTOP\MFC-TEST\SECCONTROL\SIMPLEACTIVEX\SIMPLEACTIVEX\RELEASE\SIMPLEACTIVEX.OBJ
C:\USERS\VM-WIN7X64\DESKTOP\MFC-TEST\SECCONTROL\SIMPLEACTIVEX\RELEASE\SIMPLEACTIVEX.OCX
C:\USERS\VM-WIN7X64\DESKTOP\MFC-TEST\SECCONTROL\SIMPLEACTIVEX\RELEASE\SIMPLEACTIVEX.PDB
C:\USERS\VM-WIN7X64\DESKTOP\MFC-TEST\SECCONTROL\SIMPLEACTIVEX\SIMPLEACTIVEX\RELEASE\SIMPLEACTIVEX.TLB
C:\USERS\VM-WIN7X64\DESKTOP\MFC-TEST\SECCONTROL\SIMPLEACTIVEX\SIMPLEACTIVEX\SIMPLEACTIVEX_I.C
C:\USERS\VM-WIN7X64\DESKTOP\MFC-TEST\SECCONTROL\SIMPLEACTIVEX\SIMPLEACTIVEX\SIMPLEACTIVEXIDL.H
C:\USERS\VM-WIN7X64\DESKTOP\MFC-TEST\SECCONTROL\SIMPLEACTIVEX\SIMPLEACTIVEX\RELEASE\SIMPLEACTIVEX.RES
C:\Users\vm-win7x64\Desktop\MFC-TEST\SecControl\SimpleActiveX\Release\SimpleActiveX.lib
C:\Users\vm-win7x64\Desktop\MFC-TEST\SecControl\SimpleActiveX\Release\SimpleActiveX.exp
C:\Users\vm-win7x64\Desktop\MFC-TEST\SecControl\SimpleActiveX\SimpleActiveX\Release\SimpleActiveX.obj
C:\Users\vm-win7x64\Desktop\MFC-TEST\SecControl\SimpleActiveX\SimpleActiveX\Release\SimpleActiveXCtrl.obj
C:\Users\vm-win7x64\Desktop\MFC-TEST\SecControl\SimpleActiveX\SimpleActiveX\Release\SimpleActiveXPropPage.obj
C:\Users\vm-win7x64\Desktop\MFC-TEST\SecControl\SimpleActiveX\SimpleActiveX\Release\stdafx.obj
C:\Users\vm-win7x64\Desktop\MFC-TEST\SecControl\SimpleActiveX\SimpleActiveX\Release\SimpleActiveX.tlb
C:\Users\vm-win7x64\Desktop\MFC-TEST\SecControl\SimpleActiveX\SimpleActiveX\Release\cl.command.1.tlog
C:\Users\vm-win7x64\Desktop\MFC-TEST\SecControl\SimpleActiveX\SimpleActiveX\Release\CL.read.1.tlog
C:\Users\vm-win7x64\Desktop\MFC-TEST\SecControl\SimpleActiveX\SimpleActiveX\Release\CL.write.1.tlog
C:\Users\vm-win7x64\Desktop\MFC-TEST\SecControl\SimpleActiveX\SimpleActiveX\Release\link-cvtres.read.1.tlog
C:\Users\vm-win7x64\Desktop\MFC-TEST\SecControl\SimpleActiveX\SimpleActiveX\Release\link-cvtres.write.1.tlog
C:\Users\vm-win7x64\Desktop\MFC-TEST\SecControl\SimpleActiveX\SimpleActiveX\Release\link-mt.read.1.tlog
C:\Users\vm-win7x64\Desktop\MFC-TEST\SecControl\SimpleActiveX\SimpleActiveX\Release\link-mt.write.1.tlog
C:\Users\vm-win7x64\Desktop\MFC-TEST\SecControl\SimpleActiveX\SimpleActiveX\Release\link-rc.read.1.tlog
C:\Users\vm-win7x64\Desktop\MFC-TEST\SecControl\SimpleActiveX\SimpleActiveX\Release\link-rc.write.1.tlog
C:\Users\vm-win7x64\Desktop\MFC-TEST\SecControl\SimpleActiveX\SimpleActiveX\Release\link.command.1.tlog
C:\Users\vm-win7x64\Desktop\MFC-TEST\SecControl\SimpleActiveX\SimpleActiveX\Release\link.read.1.tlog
C:\Users\vm-win7x64\Desktop\MFC-TEST\SecControl\SimpleActiveX\SimpleActiveX\Release\link.write.1.tlog
C:\Users\vm-win7x64\Desktop\MFC-TEST\SecControl\SimpleActiveX\SimpleActiveX\Release\midl-midlc-cl.read.1.tlog
C:\Users\vm-win7x64\Desktop\MFC-TEST\SecControl\SimpleActiveX\SimpleActiveX\Release\midl-midlc.read.1.tlog
C:\Users\vm-win7x64\Desktop\MFC-TEST\SecControl\SimpleActiveX\SimpleActiveX\Release\midl-midlc.write.1.tlog
C:\Users\vm-win7x64\Desktop\MFC-TEST\SecControl\SimpleActiveX\SimpleActiveX\Release\midl.command.1.tlog
C:\Users\vm-win7x64\Desktop\MFC-TEST\SecControl\SimpleActiveX\SimpleActiveX\Release\midl.read.1.tlog
C:\Users\vm-win7x64\Desktop\MFC-TEST\SecControl\SimpleActiveX\SimpleActiveX\Release\midl.write.1.tlog
C:\Users\vm-win7x64\Desktop\MFC-TEST\SecControl\SimpleActiveX\SimpleActiveX\Release\rc.command.1.tlog
C:\Users\vm-win7x64\Desktop\MFC-TEST\SecControl\SimpleActiveX\SimpleActiveX\Release\rc.read.1.tlog
C:\Users\vm-win7x64\Desktop\MFC-TEST\SecControl\SimpleActiveX\SimpleActiveX\Release\rc.write.1.tlog
C:\Users\vm-win7x64\Desktop\MFC-TEST\SecControl\SimpleActiveX\SimpleActiveX\Release\SimpleActiveX.write.1.tlog
C:\Users\vm-win7x64\Desktop\MFC-TEST\SecControl\SimpleActiveX\SimpleActiveX\Release\SimpleActiveX.res
C:\Users\vm-win7x64\Desktop\MFC-TEST\SecControl\SimpleActiveX\SimpleActiveX\Release\SimpleActiveX.pch
C:\Users\vm-win7x64\Desktop\MFC-TEST\SecControl\SimpleActiveX\SimpleActiveX\Release\vc110.pdb
C:\Users\vm-win7x64\Desktop\MFC-TEST\SecControl\SimpleActiveX\Release\SimpleActiveX.pdb
C:\Users\vm-win7x64\Desktop\MFC-TEST\SecControl\SimpleActiveX\Release\SimpleActiveX.ocx
